Traceback (most recent call last):
  File "/opt/hostedtoolcache/Python/3.8.11/x64/lib/python3.8/site-packages/jupyter_cache/executors/utils.py", line 51, in single_nb_execution
    executenb(
  File "/opt/hostedtoolcache/Python/3.8.11/x64/lib/python3.8/site-packages/nbclient/client.py", line 1112, in execute
    return NotebookClient(nb=nb, resources=resources, km=km, **kwargs).execute()
  File "/opt/hostedtoolcache/Python/3.8.11/x64/lib/python3.8/site-packages/nbclient/util.py", line 74, in wrapped
    return just_run(coro(*args, **kwargs))
  File "/opt/hostedtoolcache/Python/3.8.11/x64/lib/python3.8/site-packages/nbclient/util.py", line 53, in just_run
    return loop.run_until_complete(coro)
  File "/opt/hostedtoolcache/Python/3.8.11/x64/lib/python3.8/asyncio/base_events.py", line 616, in run_until_complete
    return future.result()
  File "/opt/hostedtoolcache/Python/3.8.11/x64/lib/python3.8/site-packages/nbclient/client.py", line 553, in async_execute
    await self.async_execute_cell(
  File "/opt/hostedtoolcache/Python/3.8.11/x64/lib/python3.8/site-packages/nbclient/client.py", line 857, in async_execute_cell
    self._check_raise_for_error(cell, exec_reply)
  File "/opt/hostedtoolcache/Python/3.8.11/x64/lib/python3.8/site-packages/nbclient/client.py", line 760, in _check_raise_for_error
    raise CellExecutionError.from_cell_and_msg(cell, exec_reply_content)
nbclient.exceptions.CellExecutionError: An error occurred while executing the following cell:
------------------
@testset begin
  @test sim_seq_long_plot[50, 3] ≈ 0.3951985593686047
  @test sim_bel_long_plot[50, 3] ≈ 0.05684753244006188 atol = 1e-2
  @test sim_seq_long_plot[100, 4] ≈ 0.340233842670859
  @test sim_bel_long_plot[100, 4] ≈ 0.2093423366870517 atol = 1e-3
  @test sim_seq_long_plot[200, 2] ≈ 0.5839693539786998
  @test sim_bel_long_plot[200, 2] ≈ 0.6324036099550768 atol = 1e-3
end
------------------

[91mSome tests did not pass: 3 passed, 3 failed, 0 errored, 0 broken.[39m

Stacktrace:
 [1] finish(ts::Test.DefaultTestSet)
   @ Test /buildworker/worker/package_linux64/build/usr/share/julia/stdlib/v1.6/Test/src/Test.jl:913
 [2] macro expansion
   @ /buildworker/worker/package_linux64/build/usr/share/julia/stdlib/v1.6/Test/src/Test.jl:1161 [inlined]
 [3] top-level scope
   @ In[11]:2
 [4] eval
   @ ./boot.jl:360 [inlined]
 [5] include_string(mapexpr::typeof(REPL.softscope), mod::Module, code::String, filename::String)
   @ Base ./loading.jl:1094
LoadError: [91mSome tests did not pass: 3 passed, 3 failed, 0 errored, 0 broken.[39m

