Traceback (most recent call last):
  File "/opt/hostedtoolcache/Python/3.8.11/x64/lib/python3.8/site-packages/jupyter_cache/executors/utils.py", line 51, in single_nb_execution
    executenb(
  File "/opt/hostedtoolcache/Python/3.8.11/x64/lib/python3.8/site-packages/nbclient/client.py", line 1112, in execute
    return NotebookClient(nb=nb, resources=resources, km=km, **kwargs).execute()
  File "/opt/hostedtoolcache/Python/3.8.11/x64/lib/python3.8/site-packages/nbclient/util.py", line 74, in wrapped
    return just_run(coro(*args, **kwargs))
  File "/opt/hostedtoolcache/Python/3.8.11/x64/lib/python3.8/site-packages/nbclient/util.py", line 53, in just_run
    return loop.run_until_complete(coro)
  File "/opt/hostedtoolcache/Python/3.8.11/x64/lib/python3.8/asyncio/base_events.py", line 616, in run_until_complete
    return future.result()
  File "/opt/hostedtoolcache/Python/3.8.11/x64/lib/python3.8/site-packages/nbclient/client.py", line 553, in async_execute
    await self.async_execute_cell(
  File "/opt/hostedtoolcache/Python/3.8.11/x64/lib/python3.8/site-packages/nbclient/client.py", line 857, in async_execute_cell
    self._check_raise_for_error(cell, exec_reply)
  File "/opt/hostedtoolcache/Python/3.8.11/x64/lib/python3.8/site-packages/nbclient/client.py", line 760, in _check_raise_for_error
    raise CellExecutionError.from_cell_and_msg(cell, exec_reply_content)
nbclient.exceptions.CellExecutionError: An error occurred while executing the following cell:
------------------
using Random
Random.seed!(42)
β = 0.94

Tw = similar(grid_y)
initial_w = 5 * log.(grid_y)
v_star_approx = fixedpoint(w -> T(w, grid_y, β, u, f, shocks),
                           initial_w).zero
Tw, σ = T(v_star_approx, grid_y, β, log, k -> k^α, shocks,
                         compute_policy = true)
σ_func = LinearInterpolation(grid_y, σ)
y = simulate_og(σ_func);

@testset begin
    @test y[5] ≈ 0.4896390574930345
    @test σ[3] ≈ 0.025084788719798193 atol = 1e-6
    @test Tw[4] ≈ -22.24681487036426
    @test v_star_approx[50] ≈ -17.76952387641302
end
------------------

[91mSome tests did not pass: 3 passed, 1 failed, 0 errored, 0 broken.[39m

Stacktrace:
 [1] finish(ts::Test.DefaultTestSet)
   @ Test /buildworker/worker/package_linux64/build/usr/share/julia/stdlib/v1.6/Test/src/Test.jl:913
 [2] macro expansion
   @ /buildworker/worker/package_linux64/build/usr/share/julia/stdlib/v1.6/Test/src/Test.jl:1161 [inlined]
 [3] top-level scope
   @ In[20]:15
 [4] eval
   @ ./boot.jl:360 [inlined]
 [5] include_string(mapexpr::typeof(REPL.softscope), mod::Module, code::String, filename::String)
   @ Base ./loading.jl:1094
LoadError: [91mSome tests did not pass: 3 passed, 1 failed, 0 errored, 0 broken.[39m

