Traceback (most recent call last):
  File "/opt/hostedtoolcache/Python/3.8.11/x64/lib/python3.8/site-packages/jupyter_cache/executors/utils.py", line 51, in single_nb_execution
    executenb(
  File "/opt/hostedtoolcache/Python/3.8.11/x64/lib/python3.8/site-packages/nbclient/client.py", line 1112, in execute
    return NotebookClient(nb=nb, resources=resources, km=km, **kwargs).execute()
  File "/opt/hostedtoolcache/Python/3.8.11/x64/lib/python3.8/site-packages/nbclient/util.py", line 74, in wrapped
    return just_run(coro(*args, **kwargs))
  File "/opt/hostedtoolcache/Python/3.8.11/x64/lib/python3.8/site-packages/nbclient/util.py", line 53, in just_run
    return loop.run_until_complete(coro)
  File "/opt/hostedtoolcache/Python/3.8.11/x64/lib/python3.8/asyncio/base_events.py", line 616, in run_until_complete
    return future.result()
  File "/opt/hostedtoolcache/Python/3.8.11/x64/lib/python3.8/site-packages/nbclient/client.py", line 553, in async_execute
    await self.async_execute_cell(
  File "/opt/hostedtoolcache/Python/3.8.11/x64/lib/python3.8/site-packages/nbclient/client.py", line 857, in async_execute_cell
    self._check_raise_for_error(cell, exec_reply)
  File "/opt/hostedtoolcache/Python/3.8.11/x64/lib/python3.8/site-packages/nbclient/client.py", line 760, in _check_raise_for_error
    raise CellExecutionError.from_cell_and_msg(cell, exec_reply_content)
nbclient.exceptions.CellExecutionError: An error occurred while executing the following cell:
------------------
using LinearAlgebra, Statistics
using Distributions, Plots, QuantEcon, Interpolations, Parameters

gr(fmt=:png);

w_max = 2
x = range(0,  w_max, length = 200)

G = Beta(3, 1.6)
F = Beta(1, 1)
plot(x, pdf.(G, x/w_max)/w_max, label="g")
plot!(x, pdf.(F, x/w_max)/w_max, label="f")
------------------

ArgumentError: Package Distributions [31c24e10-a181-5473-b8eb-7969acd0382f] is required but does not seem to be installed:
 - Run `Pkg.instantiate()` to install all recorded dependencies.


Stacktrace:
 [1] _require(pkg::Base.PkgId)
   @ Base ./loading.jl:990
 [2] require(uuidkey::Base.PkgId)
   @ Base ./loading.jl:914
 [3] require(into::Module, mod::Symbol)
   @ Base ./loading.jl:901
 [4] eval
   @ ./boot.jl:360 [inlined]
 [5] include_string(mapexpr::typeof(REPL.softscope), mod::Module, code::String, filename::String)
   @ Base ./loading.jl:1094
LoadError: ArgumentError: Package Distributions [31c24e10-a181-5473-b8eb-7969acd0382f] is required but does not seem to be installed:
 - Run `Pkg.instantiate()` to install all recorded dependencies.


