Traceback (most recent call last):
  File "c:\users\user\anaconda3\lib\site-packages\jupyter_cache\executors\utils.py", line 51, in single_nb_execution
    executenb(
  File "c:\users\user\anaconda3\lib\site-packages\nbclient\client.py", line 1112, in execute
    return NotebookClient(nb=nb, resources=resources, km=km, **kwargs).execute()
  File "c:\users\user\anaconda3\lib\site-packages\nbclient\util.py", line 74, in wrapped
    return just_run(coro(*args, **kwargs))
  File "c:\users\user\anaconda3\lib\site-packages\nbclient\util.py", line 53, in just_run
    return loop.run_until_complete(coro)
  File "c:\users\user\anaconda3\lib\asyncio\base_events.py", line 616, in run_until_complete
    return future.result()
  File "c:\users\user\anaconda3\lib\site-packages\nbclient\client.py", line 553, in async_execute
    await self.async_execute_cell(
  File "c:\users\user\anaconda3\lib\site-packages\nbclient\client.py", line 857, in async_execute_cell
    self._check_raise_for_error(cell, exec_reply)
  File "c:\users\user\anaconda3\lib\site-packages\nbclient\client.py", line 760, in _check_raise_for_error
    raise CellExecutionError.from_cell_and_msg(cell, exec_reply_content)
nbclient.exceptions.CellExecutionError: An error occurred while executing the following cell:
------------------
; pwd
------------------

[91mIOError: could not spawn `pwd`: no such file or directory (ENOENT)[39m

Stacktrace:
 [1] _spawn_primitive(::String, ::Cmd, ::Array{Any,1}) at .\process.jl:99
 [2] #585 at .\process.jl:112 [inlined]
 [3] setup_stdios(::Base.var"#585#586"{Cmd}, ::Array{Any,1}) at .\process.jl:196
 [4] _spawn at .\process.jl:111 [inlined]
 [5] run(::Cmd; wait::Bool) at .\process.jl:439
 [6] run at .\process.jl:438 [inlined]
 [7] repl_cmd(::Cmd, ::IJulia.IJuliaStdio{Base.PipeEndpoint}) at .\client.jl:69
 [8] top-level scope at In[1]:1
 [9] include_string(::Function, ::Module, ::String, ::String) at .\loading.jl:1091
LoadError: [91mIOError: could not spawn `pwd`: no such file or directory (ENOENT)[39m

