Traceback (most recent call last):
  File "/opt/hostedtoolcache/Python/3.9.17/x64/lib/python3.9/site-packages/jupyter_cache/executors/utils.py", line 51, in single_nb_execution
    executenb(
  File "/opt/hostedtoolcache/Python/3.9.17/x64/lib/python3.9/site-packages/nbclient/client.py", line 1204, in execute
    return NotebookClient(nb=nb, resources=resources, km=km, **kwargs).execute()
  File "/opt/hostedtoolcache/Python/3.9.17/x64/lib/python3.9/site-packages/nbclient/util.py", line 84, in wrapped
    return just_run(coro(*args, **kwargs))
  File "/opt/hostedtoolcache/Python/3.9.17/x64/lib/python3.9/site-packages/nbclient/util.py", line 62, in just_run
    return loop.run_until_complete(coro)
  File "/opt/hostedtoolcache/Python/3.9.17/x64/lib/python3.9/asyncio/base_events.py", line 647, in run_until_complete
    return future.result()
  File "/opt/hostedtoolcache/Python/3.9.17/x64/lib/python3.9/site-packages/nbclient/client.py", line 663, in async_execute
    await self.async_execute_cell(
  File "/opt/hostedtoolcache/Python/3.9.17/x64/lib/python3.9/site-packages/nbclient/client.py", line 965, in async_execute_cell
    await self._check_raise_for_error(cell, cell_index, exec_reply)
  File "/opt/hostedtoolcache/Python/3.9.17/x64/lib/python3.9/site-packages/nbclient/client.py", line 862, in _check_raise_for_error
    raise CellExecutionError.from_cell_and_msg(cell, exec_reply_content)
nbclient.exceptions.CellExecutionError: An error occurred while executing the following cell:
------------------
subtypetree(Number) # warning: do not use this function on ``Any``!
------------------

MethodError: no method matching subtypetree(::Type{Complex}, ::Int64, ::Int64)

[0mClosest candidates are:
[0m  subtypetree(::Any; level, indent)
[0m[90m   @[39m [35mMain[39m [90m[4mIn[5]:2[24m[39m


Stacktrace:
 [1] subtypetree(t::Type; level::Int64, indent::Int64)
   @ Main ./In[5]:8
 [2] subtypetree(t::Type)
   @ Main ./In[5]:2
 [3] top-level scope
   @ In[6]:1
LoadError: MethodError: no method matching subtypetree(::Type{Complex}, ::Int64, ::Int64)

[0mClosest candidates are:
[0m  subtypetree(::Any; level, indent)
[0m[90m   @[39m [35mMain[39m [90m[4mIn[5]:2[24m[39m


